2021-10-29 18:06:04.026 [main][10705] INFO  step_definitions.Hooks - Launch Chrome Browser
2021-10-29 18:06:12.180 [main][18859] INFO  step_definitions.Deals_Of_The_Day - User is on the Home Page
2021-10-29 18:06:26.551 [main][33230] INFO  step_definitions.Deals_Of_The_Day - User Click on Deals Of the Day
2021-10-29 18:06:27.046 [main][33725] INFO  step_definitions.Deals_Of_The_Day - user Successfully Navigated to Deals of the day page
2021-10-29 18:06:28.166 [main][34845] INFO  step_definitions.Hooks - Close Chrome Browser
2021-10-29 18:06:30.884 [main][37563] INFO  step_definitions.Hooks - Launch Chrome Browser
2021-10-29 18:06:36.722 [main][43401] INFO  step_definitions.Gift_Zone - User is on the Home Page
2021-10-29 18:06:50.918 [main][57597] INFO  step_definitions.Gift_Zone - User Click on Gift Zone
2021-10-29 18:06:51.076 [main][57755] INFO  step_definitions.Gift_Zone - user Successfully Navigated to Gift Ideas page
2021-10-29 18:06:52.416 [main][59095] INFO  step_definitions.Hooks - Close Chrome Browser
2021-10-29 18:06:55.266 [main][61945] INFO  step_definitions.Hooks - Launch Chrome Browser
2021-10-29 18:07:03.508 [main][70187] INFO  step_definitions.Need_Help - User is on the Home Page
2021-10-29 18:07:20.696 [main][87375] INFO  step_definitions.Need_Help - User Click on Tools Button
2021-10-29 18:07:35.375 [main][102054] INFO  step_definitions.Need_Help - User Click on Hand Tools Button
2021-10-29 18:07:35.443 [main][102122] INFO  step_definitions.Need_Help - User Successfully Navigated to Hand Tools page
2021-10-29 18:07:37.042 [main][103721] INFO  step_definitions.Hooks - Close Chrome Browser
2021-10-29 18:07:39.584 [main][106263] INFO  step_definitions.Hooks - Launch Chrome Browser
2021-10-29 18:07:46.855 [main][113534] INFO  step_definitions.Gift_Zone - User is on the Home Page
2021-10-29 18:08:04.008 [main][130687] INFO  step_definitions.Gift_Zone - User Click on Holiday Decorations
2021-10-29 18:08:04.243 [main][130922] INFO  step_definitions.Gift_Zone - user Successfully Navigated to Holiday Decorations page
2021-10-29 18:08:05.319 [main][131998] INFO  step_definitions.Hooks - Close Chrome Browser
2021-10-29 18:08:07.074 [main][133753] INFO  step_definitions.Hooks - Launch Chrome Browser
2021-10-29 18:08:14.985 [main][141664] INFO  step_definitions.Gift_Zone - User is on the Home Page
2021-10-29 18:08:24.504 [main][151183] INFO  step_definitions.Gift_Zone - User Click on Lowe's Credit Card
2021-10-29 18:08:24.659 [main][151338] INFO  step_definitions.Gift_Zone - user Successfully Navigated to Lowes Credit Card page
2021-10-29 18:08:26.403 [main][153082] INFO  step_definitions.Hooks - Close Chrome Browser
2021-10-29 18:08:27.858 [main][154537] INFO  step_definitions.Hooks - Launch Chrome Browser
2021-10-29 18:08:33.115 [main][159794] INFO  step_definitions.Need_Help - User is on the Home Page
2021-10-29 18:08:43.089 [main][169768] INFO  step_definitions.Need_Help - User Click on Need Help
2021-10-29 18:08:43.141 [main][169820] INFO  step_definitions.Need_Help - user Successfully Navigated to Need Help page
2021-10-29 18:08:44.259 [main][170938] INFO  step_definitions.Hooks - Close Chrome Browser
2021-10-29 18:08:45.933 [main][172612] INFO  step_definitions.Hooks - Launch Chrome Browser
2021-10-29 18:08:50.450 [main][177129] INFO  step_definitions.Savings - User is on the Home Page
2021-10-29 18:09:06.801 [main][193480] INFO  step_definitions.Savings - User Click on Savings
2021-10-29 18:09:07.097 [main][193776] INFO  step_definitions.Savings - user Successfully Navigated to Savings page
2021-10-29 18:09:08.148 [main][194827] INFO  step_definitions.Hooks - Close Chrome Browser
2021-10-29 18:09:09.557 [main][196236] INFO  step_definitions.Hooks - Launch Chrome Browser
2021-10-29 18:09:13.878 [main][200557] INFO  step_definitions.Search_box - User is on the Home Page
2021-10-29 18:09:25.971 [main][212650] INFO  step_definitions.Search_box - User successfully see product on the search result
2021-10-29 18:09:27.166 [main][213845] INFO  step_definitions.Hooks - Close Chrome Browser
2021-10-29 18:09:28.615 [main][215294] INFO  step_definitions.Hooks - Launch Chrome Browser
2021-10-29 18:09:33.751 [main][220430] INFO  step_definitions.Savings - User is on the Home Page
2021-10-29 18:09:44.772 [main][231451] INFO  step_definitions.Savings - User Click on Cart Button
2021-10-29 18:09:44.810 [main][231489] INFO  step_definitions.Savings - user Successfully Navigated to Cart page
2021-10-29 18:09:45.732 [main][232411] INFO  step_definitions.Hooks - Close Chrome Browser
2021-10-29 18:09:51.944 [main][238623] INFO  step_definitions.Hooks - Launch Chrome Browser
2021-10-29 18:09:55.914 [main][242593] INFO  step_definitions.Weekly_Ad - User is on the Home Page
2021-10-29 18:10:04.929 [main][251608] INFO  step_definitions.Weekly_Ad - User Click on Weekly Ad
2021-10-29 18:10:04.966 [main][251645] INFO  step_definitions.Weekly_Ad - user Successfully Navigated to Weekly Ad page
2021-10-29 18:10:05.840 [main][252519] INFO  step_definitions.Hooks - Close Chrome Browser
